2024-02-22 00:36:03.062 [info] (Client) Pylance async client (2024.2.2) started with python extension (2024.0.1)
2024-02-22 00:36:03.497 [info] [Info  - 12:36:03 AM] (38665) Pylance language server 2024.2.2 (pyright version 1.1.348, commit cfb1de0c) starting
2024-02-22 00:36:03.498 [info] [Info  - 12:36:03 AM] (38665) Server root directory: file:///home/sad/.vscode/extensions/ms-python.vscode-pylance-2024.2.2/dist
2024-02-22 00:36:03.498 [info] [Info  - 12:36:03 AM] (38665) Starting service instance "parser"
2024-02-22 00:36:03.535 [info] [Info  - 12:36:03 AM] (38665) Setting pythonPath for service "parser": "/home/sad/git/parser/venv/bin/python"
2024-02-22 00:36:03.535 [info] [Info  - 12:36:03 AM] (38665) Setting environmentName for service "parser": "3.11.7 (venv venv)"
2024-02-22 00:36:03.555 [info] [Info  - 12:36:03 AM] (38665) Assuming Python version 3.11
2024-02-22 00:36:03.590 [info] [Info  - 12:36:03 AM] (38665) Auto-excluding /home/sad/git/parser/venv
2024-02-22 00:36:03.592 [info] [Info  - 12:36:03 AM] (38665) Found 1 source file
2024-02-22 00:36:03.848 [info] [Info  - 12:36:03 AM] (38665) Background analysis(1) root directory: file:///home/sad/.vscode/extensions/ms-python.vscode-pylance-2024.2.2/dist
2024-02-22 00:36:03.849 [info] [Info  - 12:36:03 AM] (38665) Background analysis(1) started
2024-02-22 00:36:03.961 [info] [Info  - 12:36:03 AM] (38665) Indexer background runner(2) root directory: file:///home/sad/.vscode/extensions/ms-python.vscode-pylance-2024.2.2/dist (index)
2024-02-22 00:36:03.961 [info] [Info  - 12:36:03 AM] (38665) Indexing(2) started
2024-02-22 00:36:04.246 [info] [Info  - 12:36:04 AM] (38665) scanned(2) 22 files over 1 exec env
2024-02-22 00:36:04.904 [info] [Info  - 12:36:04 AM] (38665) indexed(2) 12 files over 1 exec env
2024-02-22 00:36:04.928 [info] [Info  - 12:36:04 AM] (38665) Indexing finished(2).
2024-02-22 00:36:35.557 [info] [Info  - 12:36:35 AM] (38665) Setting pythonPath for service "parser": "/home/sad/git/parser/venv/bin/python"
2024-02-22 00:36:35.557 [info] [Info  - 12:36:35 AM] (38665) Setting environmentName for service "parser": "3.11.7 (venv venv)"
2024-02-22 00:36:35.596 [info] [Info  - 12:36:35 AM] (38665) Assuming Python version 3.11
2024-02-22 00:36:35.648 [info] [Info  - 12:36:35 AM] (38665) Auto-excluding /home/sad/git/parser/venv
2024-02-22 00:36:35.648 [info] [Info  - 12:36:35 AM] (38665) Found 1 source file
2024-02-22 00:36:42.103 [info] [Info  - 12:36:42 AM] (38665) Setting pythonPath for service "parser": "/home/sad/git/parser/venv/bin/python"
2024-02-22 00:36:42.103 [info] [Info  - 12:36:42 AM] (38665) Setting environmentName for service "parser": "3.11.7 (venv venv)"
2024-02-22 00:36:42.133 [info] [Info  - 12:36:42 AM] (38665) Assuming Python version 3.11
2024-02-22 00:36:42.184 [info] [Info  - 12:36:42 AM] (38665) Auto-excluding /home/sad/git/parser/venv
2024-02-22 00:36:42.185 [info] [Info  - 12:36:42 AM] (38665) Found 1 source file
2024-02-22 00:37:06.809 [info] [Info  - 12:37:06 AM] (38665) Indexer background runner(3) root directory: file:///home/sad/.vscode/extensions/ms-python.vscode-pylance-2024.2.2/dist (index)
2024-02-22 00:37:06.809 [info] [Info  - 12:37:06 AM] (38665) Indexing(3) started
2024-02-22 00:37:07.006 [info] [Info  - 12:37:07 AM] (38665) scanned(3) 22 files over 1 exec env
2024-02-22 00:37:07.340 [info] [Info  - 12:37:07 AM] (38665) indexed(3) 12 files over 1 exec env
2024-02-22 00:37:07.373 [info] [Info  - 12:37:07 AM] (38665) Indexing finished(3).
