2024-02-22 00:35:47.995 [info] Log level: Info
2024-02-22 00:35:47.995 [info] Validating found git in: "git"
2024-02-22 00:35:47.995 [info] Using git "2.43.2" from "git"
2024-02-22 00:35:47.995 [info] > git rev-parse --show-toplevel [4ms]
2024-02-22 00:35:47.995 [info] fatal: not a git repository (or any parent up to mount point /)
Stopping at filesystem boundary (GIT_DISCOVERY_ACROSS_FILESYSTEM not set).
2024-02-22 00:35:47.996 [info] > git rev-parse --show-toplevel [2ms]
2024-02-22 00:35:47.996 [info] fatal: not a git repository (or any parent up to mount point /)
Stopping at filesystem boundary (GIT_DISCOVERY_ACROSS_FILESYSTEM not set).
2024-02-22 00:35:49.155 [info] > git rev-parse --show-toplevel [2ms]
2024-02-22 00:35:49.155 [info] fatal: not a git repository (or any parent up to mount point /)
Stopping at filesystem boundary (GIT_DISCOVERY_ACROSS_FILESYSTEM not set).
2024-02-22 00:36:01.192 [info] > git rev-parse --show-toplevel [1ms]
2024-02-22 00:36:01.192 [info] fatal: not a git repository (or any parent up to mount point /)
Stopping at filesystem boundary (GIT_DISCOVERY_ACROSS_FILESYSTEM not set).
2024-02-22 00:36:01.256 [info] > git rev-parse --show-toplevel [1ms]
2024-02-22 00:36:01.256 [info] fatal: not a git repository (or any parent up to mount point /)
Stopping at filesystem boundary (GIT_DISCOVERY_ACROSS_FILESYSTEM not set).
2024-02-22 00:36:35.488 [info] > git rev-parse --show-toplevel [55ms]
2024-02-22 00:36:35.488 [info] fatal: not a git repository (or any parent up to mount point /)
Stopping at filesystem boundary (GIT_DISCOVERY_ACROSS_FILESYSTEM not set).
2024-02-22 00:36:42.086 [info] > git rev-parse --show-toplevel [1ms]
2024-02-22 00:36:42.086 [info] fatal: not a git repository (or any parent up to mount point /)
Stopping at filesystem boundary (GIT_DISCOVERY_ACROSS_FILESYSTEM not set).
2024-02-22 00:36:52.139 [info] > git rev-parse --show-toplevel [1ms]
2024-02-22 00:36:52.140 [info] fatal: not a git repository (or any parent up to mount point /)
Stopping at filesystem boundary (GIT_DISCOVERY_ACROSS_FILESYSTEM not set).
2024-02-22 00:37:06.265 [info] > git rev-parse --show-toplevel [4ms]
2024-02-22 00:37:06.265 [info] fatal: not a git repository (or any parent up to mount point /)
Stopping at filesystem boundary (GIT_DISCOVERY_ACROSS_FILESYSTEM not set).
