2024-02-22 00:35:36.169 [info] Added views:workbench.panel.markers.view in workbench.panel.markers
2024-02-22 00:35:36.169 [info] Added views:workbench.panel.output in workbench.panel.output
2024-02-22 00:35:36.169 [info] Added views:terminal in terminal
2024-02-22 00:35:36.169 [info] Added views:outline in workbench.view.explorer
2024-02-22 00:35:36.169 [info] Added views:workbench.scm in workbench.view.scm
2024-02-22 00:35:36.169 [info] Added views:workbench.view.search in workbench.view.search
2024-02-22 00:35:36.169 [info] Added views:timeline in workbench.view.explorer
2024-02-22 00:35:36.169 [info] Added views:workbench.explorer.fileView in workbench.view.explorer
2024-02-22 00:35:36.493 [info] Added views:workbench.debug.variablesView,workbench.debug.watchExpressionsView,workbench.debug.callStackView,workbench.debug.breakPointsView in workbench.view.debug
2024-02-22 00:35:36.598 [info] Added views:~remote.forwardedPorts in ~remote.forwardedPortsContainer
2024-02-22 00:35:36.689 [info] Added views:workbench.panel.repl.view in workbench.panel.repl
2024-02-22 00:35:36.690 [info] Removed views:workbench.debug.breakPointsView,workbench.debug.callStackView,workbench.debug.watchExpressionsView,workbench.debug.variablesView from workbench.view.debug
2024-02-22 00:35:36.691 [info] Added views:workbench.debug.welcome in workbench.view.debug
2024-02-22 00:35:52.471 [info] Added views:workbench.views.extensions.installed,workbench.views.extensions.popular,extensions.recommendedList in workbench.view.extensions
2024-02-22 00:35:52.474 [info] Removed views:workbench.views.extensions.popular from workbench.view.extensions
2024-02-22 00:35:52.730 [info] Added views:workbench.views.extensions.popular in workbench.view.extensions
2024-02-22 00:35:53.055 [info] Removed views:extensions.recommendedList,workbench.views.extensions.popular,workbench.views.extensions.installed from workbench.view.extensions
2024-02-22 00:35:53.062 [info] Added views:workbench.views.extensions.marketplace in workbench.view.extensions
2024-02-22 00:36:01.793 [info] Added views:workbench.view.testing in workbench.view.extension.test
2024-02-22 00:36:09.266 [info] Removed views:workbench.views.extensions.marketplace from workbench.view.extensions
2024-02-22 00:36:09.276 [info] Added views:workbench.views.extensions.installed,workbench.views.extensions.popular,extensions.recommendedList in workbench.view.extensions
2024-02-22 00:38:00.778 [info] Removed views:workbench.view.testing from workbench.view.extension.test
